[0m2021.12.03 22:25:54 INFO  Started: Metals version 0.10.9 in workspace '/home/millerj/git/aws-test/my-service' for client Visual Studio Code 1.62.3.[0m
[0m2021.12.03 22:25:56 INFO  time: initialize in 1.66s[0m
[0m2021.12.03 22:25:59 WARN  Build server is not auto-connectable.[0m
[0m2021.12.03 22:26:06 INFO  running '/home/millerj/.jabba/jdk/adopt@1.8.0-292/bin/java -Djline.terminal=jline.UnsupportedTerminal -Dsbt.log.noformat=true -Dfile.encoding=UTF-8 -jar /tmp/metals6930211409356566494/sbt-launch.jar -Dbloop.export-jar-classifiers=sources bloopInstall'[0m
[0m2021.12.03 22:26:07 WARN  no build target for: /home/millerj/git/aws-test/my-service/project/metals.sbt[0m
[0m2021.12.03 22:26:07 WARN  no build target for: /home/millerj/git/aws-test/my-service/project/project/metals.sbt[0m
[0m2021.12.03 22:26:07 ERROR [info] [launcher] getting org.scala-sbt sbt 1.3.2  (this may take some time)...[0m
[0m2021.12.03 22:26:06 INFO  skipping build import with status 'Started'[0m
[0m2021.12.03 22:26:27 WARN  no build target for: /home/millerj/git/aws-test/my-service/src/main/scala/hello/Handler.scala[0m
[0m2021.12.03 22:26:34 INFO  no build target: using presentation compiler with only scala-library: 3.1.0[0m
Dec 03, 2021 10:27:04 PM org.eclipse.lsp4j.jsonrpc.RemoteEndpoint handleCancellation
WARNING: Unmatched cancel notification for request id 5
Dec 03, 2021 10:27:04 PM org.eclipse.lsp4j.jsonrpc.RemoteEndpoint handleCancellation
WARNING: Unmatched cancel notification for request id 6
Dec 03, 2021 10:27:04 PM org.eclipse.lsp4j.jsonrpc.RemoteEndpoint handleCancellation
WARNING: Unmatched cancel notification for request id 11
Dec 03, 2021 10:27:04 PM org.eclipse.lsp4j.jsonrpc.RemoteEndpoint handleCancellation
WARNING: Unmatched cancel notification for request id 10
Dec 03, 2021 10:27:04 PM org.eclipse.lsp4j.jsonrpc.RemoteEndpoint handleCancellation
WARNING: Unmatched cancel notification for request id 9
Dec 03, 2021 10:27:04 PM org.eclipse.lsp4j.jsonrpc.RemoteEndpoint handleCancellation
WARNING: Unmatched cancel notification for request id 12
[0m2021.12.03 22:27:04 WARN  no build target for: /home/millerj/git/aws-test/my-service/src/main/scala/hello/Request.scala[0m
Dec 03, 2021 10:27:05 PM org.eclipse.lsp4j.jsonrpc.RemoteEndpoint handleCancellation
WARNING: Unmatched cancel notification for request id 13
Dec 03, 2021 10:27:05 PM org.eclipse.lsp4j.jsonrpc.RemoteEndpoint handleCancellation
WARNING: Unmatched cancel notification for request id 22
Dec 03, 2021 10:27:05 PM org.eclipse.lsp4j.jsonrpc.RemoteEndpoint handleCancellation
WARNING: Unmatched cancel notification for request id 15
Dec 03, 2021 10:27:05 PM org.eclipse.lsp4j.jsonrpc.RemoteEndpoint handleCancellation
WARNING: Unmatched cancel notification for request id 14
[0m2021.12.03 22:27:05 WARN  no build target for: /home/millerj/git/aws-test/my-service/src/main/scala/hello/Response.scala[0m
[0m2021.12.03 22:27:07 INFO  time: code lens generation in 1.92s[0m
[0m2021.12.03 22:27:07 INFO  time: code lens generation in 1.41s[0m
[0m2021.12.03 22:27:07 INFO  time: code lens generation in 1.52s[0m
[0m2021.12.03 22:27:07 INFO  time: code lens generation in 2.39s[0m
[0m2021.12.03 22:27:08 ERROR downloading https://repo1.maven.org/maven2/org/scala-sbt/sbt/1.3.2/sbt-1.3.2.jar ...[0m
[0m2021.12.03 22:27:08 ERROR :: loading settings :: url = jar:file:/tmp/metals6930211409356566494/sbt-launch.jar!/org/apache/ivy/core/settings/ivysettings.xml[0m
[0m2021.12.03 22:27:08 ERROR downloading https://repo1.maven.org/maven2/org/scala-lang/scala-library/2.12.10/scala-library-2.12.10.jar ...[0m
[0m2021.12.03 22:27:08 ERROR :: loading settings :: url = jar:file:/tmp/metals6930211409356566494/sbt-launch.jar!/org/apache/ivy/core/settings/ivysettings.xml[0m
[0m2021.12.03 22:27:08 ERROR 	[SUCCESSFUL ] org.scala-sbt#sbt;1.3.2!sbt.jar (225ms)[0m
[0m2021.12.03 22:27:08 ERROR downloading https://repo1.maven.org/maven2/org/scala-sbt/main_2.12/1.3.2/main_2.12-1.3.2.jar ...[0m
[0m2021.12.03 22:27:08 ERROR 	[SUCCESSFUL ] org.scala-sbt#main_2.12;1.3.2!main_2.12.jar (696ms)[0m
[0m2021.12.03 22:27:08 ERROR downloading https://repo1.maven.org/maven2/org/scala-sbt/io_2.12/1.3.1/io_2.12-1.3.1.jar ...[0m
[0m2021.12.03 22:27:10 ERROR 	[SUCCESSFUL ] org.scala-sbt#io_2.12;1.3.1!io_2.12.jar (324ms)[0m
[0m2021.12.03 22:27:10 ERROR downloading https://repo1.maven.org/maven2/org/scala-sbt/logic_2.12/1.3.2/logic_2.12-1.3.2.jar ...[0m
[0m2021.12.03 22:27:10 ERROR 	[SUCCESSFUL ] org.scala-sbt#logic_2.12;1.3.2!logic_2.12.jar (195ms)[0m
[0m2021.12.03 22:27:10 ERROR downloading https://repo1.maven.org/maven2/org/scala-sbt/actions_2.12/1.3.2/actions_2.12-1.3.2.jar ...[0m
[0m2021.12.03 22:27:10 ERROR 	[SUCCESSFUL ] org.scala-sbt#actions_2.12;1.3.2!actions_2.12.jar (286ms)[0m
[0m2021.12.03 22:27:10 ERROR downloading https://repo1.maven.org/maven2/org/scala-sbt/main-settings_2.12/1.3.2/main-settings_2.12-1.3.2.jar ...[0m
[0m2021.12.03 22:27:10 ERROR 	[SUCCESSFUL ] org.scala-lang#scala-library;2.12.10!scala-library.jar (1778ms)[0m
[0m2021.12.03 22:27:10 ERROR downloading https://repo1.maven.org/maven2/org/scala-sbt/run_2.12/1.3.2/run_2.12-1.3.2.jar ...[0m
[0m2021.12.03 22:27:10 ERROR 	[SUCCESSFUL ] org.scala-sbt#run_2.12;1.3.2!run_2.12.jar (104ms)[0m
[0m2021.12.03 22:27:10 ERROR 	[SUCCESSFUL ] org.scala-sbt#main-settings_2.12;1.3.2!main-settings_2.12.jar (178ms)[0m
[0m2021.12.03 22:27:10 ERROR downloading https://repo1.maven.org/maven2/org/scala-sbt/command_2.12/1.3.2/command_2.12-1.3.2.jar ...[0m
[0m2021.12.03 22:27:10 ERROR downloading https://repo1.maven.org/maven2/org/scala-sbt/collections_2.12/1.3.2/collections_2.12-1.3.2.jar ...[0m
[0m2021.12.03 22:27:10 ERROR 	[SUCCESSFUL ] org.scala-sbt#command_2.12;1.3.2!command_2.12.jar (185ms)[0m
[0m2021.12.03 22:27:10 ERROR downloading https://repo1.maven.org/maven2/org/scala-sbt/scripted-sbt-redux_2.12/1.3.2/scripted-sbt-redux_2.12-1.3.2.jar ...[0m
[0m2021.12.03 22:27:10 ERROR 	[SUCCESSFUL ] org.scala-sbt#collections_2.12;1.3.2!collections_2.12.jar (224ms)[0m
[0m2021.12.03 22:27:10 ERROR downloading https://repo1.maven.org/maven2/org/scala-sbt/scripted-plugin_2.12/1.3.2/scripted-plugin_2.12-1.3.2.jar ...[0m
[0m2021.12.03 22:27:10 ERROR 	[SUCCESSFUL ] org.scala-sbt#scripted-sbt-redux_2.12;1.3.2!scripted-sbt-redux_2.12.jar (130ms)[0m
[0m2021.12.03 22:27:10 ERROR downloading https://repo1.maven.org/maven2/org/scala-sbt/zinc-lm-integration_2.12/1.3.2/zinc-lm-integration_2.12-1.3.2.jar ...[0m
[0m2021.12.03 22:27:11 ERROR 	[SUCCESSFUL ] org.scala-sbt#scripted-plugin_2.12;1.3.2!scripted-plugin_2.12.jar (86ms)[0m
[0m2021.12.03 22:27:11 ERROR downloading https://repo1.maven.org/maven2/org/scala-lang/modules/scala-xml_2.12/1.2.0/scala-xml_2.12-1.2.0.jar ...[0m
[0m2021.12.03 22:27:11 ERROR 	[SUCCESSFUL ] org.scala-sbt#zinc-lm-integration_2.12;1.3.2!zinc-lm-integration_2.12.jar (156ms)[0m
[0m2021.12.03 22:27:11 ERROR downloading https://repo1.maven.org/maven2/org/scala-sbt/launcher-interface/1.1.3/launcher-interface-1.1.3.jar ...[0m
[0m2021.12.03 22:27:11 ERROR 	[SUCCESSFUL ] org.scala-lang.modules#scala-xml_2.12;1.2.0!scala-xml_2.12.jar(bundle) (181ms)[0m
[0m2021.12.03 22:27:11 ERROR downloading https://repo1.maven.org/maven2/org/apache/logging/log4j/log4j-api/2.11.2/log4j-api-2.11.2.jar ...[0m
[0m2021.12.03 22:27:11 ERROR 	[SUCCESSFUL ] org.scala-sbt#launcher-interface;1.1.3!launcher-interface.jar (115ms)[0m
[0m2021.12.03 22:27:11 ERROR downloading https://repo1.maven.org/maven2/org/apache/logging/log4j/log4j-core/2.11.2/log4j-core-2.11.2.jar ...[0m
[0m2021.12.03 22:27:11 ERROR 	[SUCCESSFUL ] org.apache.logging.log4j#log4j-api;2.11.2!log4j-api.jar (230ms)[0m
[0m2021.12.03 22:27:11 ERROR downloading https://repo1.maven.org/maven2/org/apache/logging/log4j/log4j-slf4j-impl/2.11.2/log4j-slf4j-impl-2.11.2.jar ...[0m
[0m2021.12.03 22:27:11 ERROR 	[SUCCESSFUL ] org.apache.logging.log4j#log4j-slf4j-impl;2.11.2!log4j-slf4j-impl.jar (166ms)[0m
[0m2021.12.03 22:27:11 ERROR downloading https://repo1.maven.org/maven2/com/github/cb372/scalacache-caffeine_2.12/0.20.0/scalacache-caffeine_2.12-0.20.0.jar ...[0m
[0m2021.12.03 22:27:11 ERROR 	[SUCCESSFUL ] org.apache.logging.log4j#log4j-core;2.11.2!log4j-core.jar (384ms)[0m
[0m2021.12.03 22:27:11 ERROR downloading https://repo1.maven.org/maven2/io/get-coursier/lm-coursier-shaded_2.12/2.0.0-RC3-4/lm-coursier-shaded_2.12-2.0.0-RC3-4.jar ...[0m
[0m2021.12.03 22:27:11 ERROR 	[SUCCESSFUL ] com.github.cb372#scalacache-caffeine_2.12;0.20.0!scalacache-caffeine_2.12.jar (157ms)[0m
[0m2021.12.03 22:27:11 ERROR downloading https://repo1.maven.org/maven2/org/scala-sbt/util-logging_2.12/1.3.0/util-logging_2.12-1.3.0.jar ...[0m
[0m2021.12.03 22:27:12 ERROR 	[SUCCESSFUL ] org.scala-sbt#util-logging_2.12;1.3.0!util-logging_2.12.jar (320ms)[0m
[0m2021.12.03 22:27:12 ERROR downloading https://repo1.maven.org/maven2/org/scala-sbt/librarymanagement-core_2.12/1.3.0/librarymanagement-core_2.12-1.3.0.jar ...[0m
[0m2021.12.03 22:27:12 ERROR 	[SUCCESSFUL ] org.scala-sbt#librarymanagement-core_2.12;1.3.0!librarymanagement-core_2.12.jar (703ms)[0m
[0m2021.12.03 22:27:12 ERROR downloading https://repo1.maven.org/maven2/org/scala-sbt/librarymanagement-ivy_2.12/1.3.0/librarymanagement-ivy_2.12-1.3.0.jar ...[0m
[0m2021.12.03 22:27:12 WARN  no build target for: /home/millerj/git/aws-test/my-service/src/main/scala/hello/ApiGatewayResponse.scala[0m
[0m2021.12.03 22:27:13 ERROR 	[SUCCESSFUL ] org.scala-sbt#librarymanagement-ivy_2.12;1.3.0!librarymanagement-ivy_2.12.jar (487ms)[0m
[0m2021.12.03 22:27:13 ERROR downloading https://repo1.maven.org/maven2/org/scala-sbt/compiler-interface/1.3.0/compiler-interface-1.3.0.jar ...[0m
[0m2021.12.03 22:27:13 ERROR 	[SUCCESSFUL ] org.scala-sbt#compiler-interface;1.3.0!compiler-interface.jar (247ms)[0m
[0m2021.12.03 22:27:13 ERROR downloading https://repo1.maven.org/maven2/org/scala-sbt/zinc-compile_2.12/1.3.0/zinc-compile_2.12-1.3.0.jar ...[0m
[0m2021.12.03 22:27:13 ERROR 	[SUCCESSFUL ] org.scala-sbt#zinc-compile_2.12;1.3.0!zinc-compile_2.12.jar (113ms)[0m
[0m2021.12.03 22:27:13 ERROR downloading https://repo1.maven.org/maven2/org/scala-sbt/util-relation_2.12/1.3.0/util-relation_2.12-1.3.0.jar ...[0m
[0m2021.12.03 22:27:13 ERROR 	[SUCCESSFUL ] org.scala-sbt#util-relation_2.12;1.3.0!util-relation_2.12.jar (131ms)[0m
[0m2021.12.03 22:27:13 ERROR downloading https://repo1.maven.org/maven2/com/eed3si9n/sjson-new-scalajson_2.12/0.8.2/sjson-new-scalajson_2.12-0.8.2.jar ...[0m
[0m2021.12.03 22:27:13 ERROR 	[SUCCESSFUL ] com.eed3si9n#sjson-new-scalajson_2.12;0.8.2!sjson-new-scalajson_2.12.jar (69ms)[0m
[0m2021.12.03 22:27:13 ERROR downloading https://repo1.maven.org/maven2/org/scala-sbt/util-position_2.12/1.3.0/util-position_2.12-1.3.0.jar ...[0m
[0m2021.12.03 22:27:13 ERROR 	[SUCCESSFUL ] io.get-coursier#lm-coursier-shaded_2.12;2.0.0-RC3-4!lm-coursier-shaded_2.12.jar (2292ms)[0m
[0m2021.12.03 22:27:13 ERROR 	[SUCCESSFUL ] org.scala-sbt#util-position_2.12;1.3.0!util-position_2.12.jar (109ms)[0m
[0m2021.12.03 22:27:13 ERROR downloading https://repo1.maven.org/maven2/org/spire-math/jawn-parser_2.12/0.10.4/jawn-parser_2.12-0.10.4.jar ...[0m
[0m2021.12.03 22:27:13 ERROR downloading https://repo1.maven.org/maven2/com/eed3si9n/shaded-scalajson_2.12/1.0.0-M4/shaded-scalajson_2.12-1.0.0-M4.jar ...[0m
[0m2021.12.03 22:27:13 ERROR 	[SUCCESSFUL ] org.spire-math#jawn-parser_2.12;0.10.4!jawn-parser_2.12.jar (86ms)[0m
[0m2021.12.03 22:27:13 ERROR downloading https://repo1.maven.org/maven2/org/scala-sbt/completion_2.12/1.3.2/completion_2.12-1.3.2.jar ...[0m
[0m2021.12.03 22:27:13 ERROR 	[SUCCESSFUL ] com.eed3si9n#shaded-scalajson_2.12;1.0.0-M4!shaded-scalajson_2.12.jar (123ms)[0m
[0m2021.12.03 22:27:13 ERROR downloading https://repo1.maven.org/maven2/org/scala-sbt/task-system_2.12/1.3.2/task-system_2.12-1.3.2.jar ...[0m
[0m2021.12.03 22:27:14 ERROR 	[SUCCESSFUL ] org.scala-sbt#completion_2.12;1.3.2!completion_2.12.jar (238ms)[0m
[0m2021.12.03 22:27:14 ERROR downloading https://repo1.maven.org/maven2/org/scala-sbt/tasks_2.12/1.3.2/tasks_2.12-1.3.2.jar ...[0m
[0m2021.12.03 22:27:14 ERROR 	[SUCCESSFUL ] org.scala-sbt#task-system_2.12;1.3.2!task-system_2.12.jar (345ms)[0m
[0m2021.12.03 22:27:14 ERROR downloading https://repo1.maven.org/maven2/org/scala-sbt/testing_2.12/1.3.2/testing_2.12-1.3.2.jar ...[0m
[0m2021.12.03 22:27:14 ERROR 	[SUCCESSFUL ] org.scala-sbt#tasks_2.12;1.3.2!tasks_2.12.jar (148ms)[0m
[0m2021.12.03 22:27:14 ERROR downloading https://repo1.maven.org/maven2/org/scala-sbt/util-tracking_2.12/1.3.0/util-tracking_2.12-1.3.0.jar ...[0m
[0m2021.12.03 22:27:14 ERROR 	[SUCCESSFUL ] org.scala-sbt#util-tracking_2.12;1.3.0!util-tracking_2.12.jar (599ms)[0m
[0m2021.12.03 22:27:14 ERROR 	[SUCCESSFUL ] org.scala-sbt#testing_2.12;1.3.2!testing_2.12.jar (613ms)[0m
[0m2021.12.03 22:27:14 ERROR downloading https://repo1.maven.org/maven2/org/scala-sbt/zinc-classpath_2.12/1.3.0/zinc-classpath_2.12-1.3.0.jar ...[0m
[0m2021.12.03 22:27:14 ERROR downloading https://repo1.maven.org/maven2/org/scala-sbt/zinc-apiinfo_2.12/1.3.0/zinc-apiinfo_2.12-1.3.0.jar ...[0m
[0m2021.12.03 22:27:14 ERROR 	[SUCCESSFUL ] org.scala-sbt#zinc-apiinfo_2.12;1.3.0!zinc-apiinfo_2.12.jar (180ms)[0m
[0m2021.12.03 22:27:14 ERROR downloading https://repo1.maven.org/maven2/org/scala-sbt/zinc_2.12/1.3.0/zinc_2.12-1.3.0.jar ...[0m
[0m2021.12.03 22:27:14 ERROR 	[SUCCESSFUL ] org.scala-sbt#zinc-classpath_2.12;1.3.0!zinc-classpath_2.12.jar (180ms)[0m
[0m2021.12.03 22:27:14 ERROR downloading https://repo1.maven.org/maven2/jline/jline/2.14.6/jline-2.14.6.jar ...[0m
[0m2021.12.03 22:27:15 ERROR 	[SUCCESSFUL ] org.scala-sbt#zinc_2.12;1.3.0!zinc_2.12.jar (135ms)[0m
[0m2021.12.03 22:27:15 ERROR downloading https://repo1.maven.org/maven2/org/scala-sbt/util-control_2.12/1.3.0/util-control_2.12-1.3.0.jar ...[0m
[0m2021.12.03 22:27:15 ERROR 	[SUCCESSFUL ] jline#jline;2.14.6!jline.jar (143ms)[0m
[0m2021.12.03 22:27:15 ERROR downloading https://repo1.maven.org/maven2/com/swoval/file-tree-views/2.1.3/file-tree-views-2.1.3.jar ...[0m
[0m2021.12.03 22:27:15 ERROR 	[SUCCESSFUL ] org.scala-sbt#util-control_2.12;1.3.0!util-control_2.12.jar (94ms)[0m
[0m2021.12.03 22:27:15 ERROR downloading https://repo1.maven.org/maven2/net/java/dev/jna/jna/4.5.0/jna-4.5.0.jar ...[0m
[0m2021.12.03 22:27:15 ERROR 	[SUCCESSFUL ] com.swoval#file-tree-views;2.1.3!file-tree-views.jar (118ms)[0m
[0m2021.12.03 22:27:15 ERROR downloading https://repo1.maven.org/maven2/net/java/dev/jna/jna-platform/4.5.0/jna-platform-4.5.0.jar ...[0m
[0m2021.12.03 22:27:15 ERROR 	[SUCCESSFUL ] net.java.dev.jna#jna;4.5.0!jna.jar (570ms)[0m
[0m2021.12.03 22:27:15 ERROR downloading https://repo1.maven.org/maven2/org/scala-sbt/util-interface/1.3.0/util-interface-1.3.0.jar ...[0m
[0m2021.12.03 22:27:15 ERROR 	[SUCCESSFUL ] org.scala-sbt#util-interface;1.3.0!util-interface.jar (96ms)[0m
[0m2021.12.03 22:27:15 ERROR downloading https://repo1.maven.org/maven2/com/eed3si9n/sjson-new-core_2.12/0.8.3/sjson-new-core_2.12-0.8.3.jar ...[0m
[0m2021.12.03 22:27:15 ERROR 	[SUCCESSFUL ] net.java.dev.jna#jna-platform;4.5.0!jna-platform.jar (695ms)[0m
[0m2021.12.03 22:27:15 ERROR downloading https://repo1.maven.org/maven2/com/lmax/disruptor/3.4.2/disruptor-3.4.2.jar ...[0m
[0m2021.12.03 22:27:15 ERROR 	[SUCCESSFUL ] com.lmax#disruptor;3.4.2!disruptor.jar (106ms)[0m
[0m2021.12.03 22:27:15 ERROR downloading https://repo1.maven.org/maven2/com/google/protobuf/protobuf-java/3.7.0/protobuf-java-3.7.0.jar ...[0m
[0m2021.12.03 22:27:16 ERROR 	[SUCCESSFUL ] com.eed3si9n#sjson-new-core_2.12;0.8.3!sjson-new-core_2.12.jar (246ms)[0m
[0m2021.12.03 22:27:16 ERROR downloading https://repo1.maven.org/maven2/org/scala-sbt/util-cache_2.12/1.3.0/util-cache_2.12-1.3.0.jar ...[0m
[0m2021.12.03 22:27:16 ERROR 	[SUCCESSFUL ] org.scala-sbt#util-cache_2.12;1.3.0!util-cache_2.12.jar (182ms)[0m
[0m2021.12.03 22:27:16 ERROR downloading https://repo1.maven.org/maven2/com/eed3si9n/sjson-new-murmurhash_2.12/0.8.3/sjson-new-murmurhash_2.12-0.8.3.jar ...[0m
[0m2021.12.03 22:27:16 ERROR 	[SUCCESSFUL ] com.google.protobuf#protobuf-java;3.7.0!protobuf-java.jar(bundle) (354ms)[0m
[0m2021.12.03 22:27:16 ERROR downloading https://repo1.maven.org/maven2/org/scala-sbt/test-agent/1.3.2/test-agent-1.3.2.jar ...[0m
[0m2021.12.03 22:27:16 ERROR 	[SUCCESSFUL ] com.eed3si9n#sjson-new-murmurhash_2.12;0.8.3!sjson-new-murmurhash_2.12.jar (108ms)[0m
[0m2021.12.03 22:27:16 ERROR downloading https://repo1.maven.org/maven2/org/scala-sbt/test-interface/1.0/test-interface-1.0.jar ...[0m
[0m2021.12.03 22:27:16 ERROR 	[SUCCESSFUL ] org.scala-sbt#test-agent;1.3.2!test-agent.jar (95ms)[0m
[0m2021.12.03 22:27:16 ERROR downloading https://repo1.maven.org/maven2/org/scala-sbt/compiler-bridge_2.12/1.3.0/compiler-bridge_2.12-1.3.0.jar ...[0m
[0m2021.12.03 22:27:16 ERROR 	[SUCCESSFUL ] org.scala-sbt#test-interface;1.0!test-interface.jar (105ms)[0m
[0m2021.12.03 22:27:16 ERROR downloading https://repo1.maven.org/maven2/org/scala-sbt/zinc-classfile_2.12/1.3.0/zinc-classfile_2.12-1.3.0.jar ...[0m
[0m2021.12.03 22:27:16 ERROR 	[SUCCESSFUL ] org.scala-sbt#compiler-bridge_2.12;1.3.0!compiler-bridge_2.12.jar (144ms)[0m
[0m2021.12.03 22:27:16 ERROR downloading https://repo1.maven.org/maven2/com/jcraft/jsch/0.1.54/jsch-0.1.54.jar ...[0m
[0m2021.12.03 22:27:16 ERROR 	[SUCCESSFUL ] org.scala-sbt#zinc-classfile_2.12;1.3.0!zinc-classfile_2.12.jar (135ms)[0m
[0m2021.12.03 22:27:16 ERROR downloading https://repo1.maven.org/maven2/com/eed3si9n/gigahorse-okhttp_2.12/0.5.0/gigahorse-okhttp_2.12-0.5.0.jar ...[0m
[0m2021.12.03 22:27:16 ERROR 	[SUCCESSFUL ] com.eed3si9n#gigahorse-okhttp_2.12;0.5.0!gigahorse-okhttp_2.12.jar (112ms)[0m
[0m2021.12.03 22:27:16 ERROR downloading https://repo1.maven.org/maven2/com/squareup/okhttp3/okhttp-urlconnection/3.7.0/okhttp-urlconnection-3.7.0.jar ...[0m
[0m2021.12.03 22:27:16 ERROR 	[SUCCESSFUL ] com.jcraft#jsch;0.1.54!jsch.jar (172ms)[0m
[0m2021.12.03 22:27:16 ERROR downloading https://repo1.maven.org/maven2/com/eed3si9n/gigahorse-core_2.12/0.5.0/gigahorse-core_2.12-0.5.0.jar ...[0m
[0m2021.12.03 22:27:17 ERROR 	[SUCCESSFUL ] com.squareup.okhttp3#okhttp-urlconnection;3.7.0!okhttp-urlconnection.jar (321ms)[0m
[0m2021.12.03 22:27:17 ERROR downloading https://repo1.maven.org/maven2/com/squareup/okhttp3/okhttp/3.14.2/okhttp-3.14.2.jar ...[0m
[0m2021.12.03 22:27:17 ERROR 	[SUCCESSFUL ] com.eed3si9n#gigahorse-core_2.12;0.5.0!gigahorse-core_2.12.jar (351ms)[0m
[0m2021.12.03 22:27:17 ERROR downloading https://repo1.maven.org/maven2/com/typesafe/ssl-config-core_2.12/0.4.0/ssl-config-core_2.12-0.4.0.jar ...[0m
[0m2021.12.03 22:27:17 ERROR 	[SUCCESSFUL ] com.typesafe#ssl-config-core_2.12;0.4.0!ssl-config-core_2.12.jar(bundle) (135ms)[0m
[0m2021.12.03 22:27:17 ERROR downloading https://repo1.maven.org/maven2/org/reactivestreams/reactive-streams/1.0.2/reactive-streams-1.0.2.jar ...[0m
[0m2021.12.03 22:27:17 ERROR 	[SUCCESSFUL ] com.squareup.okhttp3#okhttp;3.14.2!okhttp.jar (236ms)[0m
[0m2021.12.03 22:27:17 ERROR downloading https://repo1.maven.org/maven2/org/slf4j/slf4j-api/1.7.26/slf4j-api-1.7.26.jar ...[0m
[0m2021.12.03 22:27:17 ERROR 	[SUCCESSFUL ] org.reactivestreams#reactive-streams;1.0.2!reactive-streams.jar (66ms)[0m
[0m2021.12.03 22:27:17 ERROR downloading https://repo1.maven.org/maven2/org/scala-lang/modules/scala-parser-combinators_2.12/1.1.2/scala-parser-combinators_2.12-1.1.2.jar ...[0m
[0m2021.12.03 22:27:17 ERROR 	[SUCCESSFUL ] org.slf4j#slf4j-api;1.7.26!slf4j-api.jar (175ms)[0m
[0m2021.12.03 22:27:17 ERROR downloading https://repo1.maven.org/maven2/com/typesafe/config/1.3.3/config-1.3.3.jar ...[0m
[0m2021.12.03 22:27:17 ERROR 	[SUCCESSFUL ] org.scala-lang.modules#scala-parser-combinators_2.12;1.1.2!scala-parser-combinators_2.12.jar(bundle) (168ms)[0m
[0m2021.12.03 22:27:17 ERROR downloading https://repo1.maven.org/maven2/com/squareup/okio/okio/1.17.2/okio-1.17.2.jar ...[0m
[0m2021.12.03 22:27:17 ERROR 	[SUCCESSFUL ] com.squareup.okio#okio;1.17.2!okio.jar (95ms)[0m
[0m2021.12.03 22:27:17 ERROR 	[SUCCESSFUL ] com.typesafe#config;1.3.3!config.jar(bundle) (124ms)[0m
[0m2021.12.03 22:27:17 ERROR downloading https://repo1.maven.org/maven2/org/scala-sbt/zinc-core_2.12/1.3.0/zinc-core_2.12-1.3.0.jar ...[0m
[0m2021.12.03 22:27:17 ERROR downloading https://repo1.maven.org/maven2/org/scala-sbt/zinc-persist_2.12/1.3.0/zinc-persist_2.12-1.3.0.jar ...[0m
[0m2021.12.03 22:27:17 ERROR 	[SUCCESSFUL ] org.scala-sbt#zinc-core_2.12;1.3.0!zinc-core_2.12.jar (294ms)[0m
[0m2021.12.03 22:27:17 ERROR downloading https://repo1.maven.org/maven2/org/scala-sbt/zinc-compile-core_2.12/1.3.0/zinc-compile-core_2.12-1.3.0.jar ...[0m
[0m2021.12.03 22:27:18 ERROR 	[SUCCESSFUL ] org.scala-sbt#zinc-compile-core_2.12;1.3.0!zinc-compile-core_2.12.jar (281ms)[0m
[0m2021.12.03 22:27:18 ERROR downloading https://repo1.maven.org/maven2/com/trueaccord/scalapb/scalapb-runtime_2.12/0.6.0/scalapb-runtime_2.12-0.6.0.jar ...[0m
[0m2021.12.03 22:27:18 ERROR 	[SUCCESSFUL ] org.scala-sbt#zinc-persist_2.12;1.3.0!zinc-persist_2.12.jar (609ms)[0m
[0m2021.12.03 22:27:18 ERROR downloading https://repo1.maven.org/maven2/com/trueaccord/lenses/lenses_2.12/0.4.12/lenses_2.12-0.4.12.jar ...[0m
[0m2021.12.03 22:27:18 ERROR 	[SUCCESSFUL ] com.trueaccord.lenses#lenses_2.12;0.4.12!lenses_2.12.jar (151ms)[0m
[0m2021.12.03 22:27:18 ERROR downloading https://repo1.maven.org/maven2/com/lihaoyi/fastparse_2.12/0.4.2/fastparse_2.12-0.4.2.jar ...[0m
[0m2021.12.03 22:27:18 ERROR 	[SUCCESSFUL ] com.lihaoyi#fastparse_2.12;0.4.2!fastparse_2.12.jar (186ms)[0m
[0m2021.12.03 22:27:18 ERROR downloading https://repo1.maven.org/maven2/com/lihaoyi/fastparse-utils_2.12/0.4.2/fastparse-utils_2.12-0.4.2.jar ...[0m
[0m2021.12.03 22:27:18 ERROR 	[SUCCESSFUL ] com.trueaccord.scalapb#scalapb-runtime_2.12;0.6.0!scalapb-runtime_2.12.jar (405ms)[0m
[0m2021.12.03 22:27:18 ERROR downloading https://repo1.maven.org/maven2/com/lihaoyi/sourcecode_2.12/0.1.3/sourcecode_2.12-0.1.3.jar ...[0m
[0m2021.12.03 22:27:18 ERROR 	[SUCCESSFUL ] com.lihaoyi#fastparse-utils_2.12;0.4.2!fastparse-utils_2.12.jar (117ms)[0m
[0m2021.12.03 22:27:18 ERROR downloading https://repo1.maven.org/maven2/org/scala-sbt/sbinary_2.12/0.4.4/sbinary_2.12-0.4.4.jar ...[0m
[0m2021.12.03 22:27:18 ERROR 	[SUCCESSFUL ] com.lihaoyi#sourcecode_2.12;0.1.3!sourcecode_2.12.jar (128ms)[0m
[0m2021.12.03 22:27:18 ERROR downloading https://repo1.maven.org/maven2/org/scala-sbt/core-macros_2.12/1.3.2/core-macros_2.12-1.3.2.jar ...[0m
[0m2021.12.03 22:27:18 ERROR 	[SUCCESSFUL ] org.scala-sbt#sbinary_2.12;0.4.4!sbinary_2.12.jar (105ms)[0m
[0m2021.12.03 22:27:18 ERROR downloading https://repo1.maven.org/maven2/org/scala-sbt/protocol_2.12/1.3.2/protocol_2.12-1.3.2.jar ...[0m
[0m2021.12.03 22:27:18 ERROR 	[SUCCESSFUL ] org.scala-sbt#core-macros_2.12;1.3.2!core-macros_2.12.jar (85ms)[0m
[0m2021.12.03 22:27:18 ERROR downloading https://repo1.maven.org/maven2/org/scala-sbt/template-resolver/0.1/template-resolver-0.1.jar ...[0m
[0m2021.12.03 22:27:18 ERROR 	[SUCCESSFUL ] org.scala-sbt#template-resolver;0.1!template-resolver.jar (94ms)[0m
[0m2021.12.03 22:27:18 ERROR downloading https://repo1.maven.org/maven2/org/scala-sbt/ipcsocket/ipcsocket/1.0.0/ipcsocket-1.0.0.jar ...[0m
[0m2021.12.03 22:27:18 ERROR 	[SUCCESSFUL ] org.scala-sbt#protocol_2.12;1.3.2!protocol_2.12.jar (134ms)[0m
[0m2021.12.03 22:27:18 ERROR downloading https://repo1.maven.org/maven2/org/scala-lang/scala-compiler/2.12.10/scala-compiler-2.12.10.jar ...[0m
[0m2021.12.03 22:27:18 ERROR 	[SUCCESSFUL ] org.scala-sbt.ipcsocket#ipcsocket;1.0.0!ipcsocket.jar (87ms)[0m
[0m2021.12.03 22:27:18 ERROR downloading https://repo1.maven.org/maven2/org/scala-lang/scala-reflect/2.12.10/scala-reflect-2.12.10.jar ...[0m
[0m2021.12.03 22:27:20 ERROR 	[SUCCESSFUL ] org.scala-lang#scala-reflect;2.12.10!scala-reflect.jar (1498ms)[0m
Dec 03, 2021 10:27:20 PM org.eclipse.lsp4j.jsonrpc.RemoteEndpoint handleCancellation
WARNING: Unmatched cancel notification for request id 51
[0m2021.12.03 22:27:20 ERROR downloading https://repo1.maven.org/maven2/org/scala-sbt/util-scripted_2.12/1.3.0/util-scripted_2.12-1.3.0.jar ...[0m
[0m2021.12.03 22:27:20 ERROR 	[SUCCESSFUL ] org.scala-sbt#util-scripted_2.12;1.3.0!util-scripted_2.12.jar (182ms)[0m
[0m2021.12.03 22:27:20 ERROR downloading https://repo1.maven.org/maven2/com/github/cb372/scalacache-core_2.12/0.20.0/scalacache-core_2.12-0.20.0.jar ...[0m
[0m2021.12.03 22:27:20 ERROR 	[SUCCESSFUL ] com.github.cb372#scalacache-core_2.12;0.20.0!scalacache-core_2.12.jar (187ms)[0m
[0m2021.12.03 22:27:20 ERROR downloading https://repo1.maven.org/maven2/com/github/ben-manes/caffeine/caffeine/2.5.6/caffeine-2.5.6.jar ...[0m
[0m2021.12.03 22:27:21 WARN  no build target for: /home/millerj/git/aws-test/my-service/src/main/scala/hello/Handler.scala[0m
[0m2021.12.03 22:27:21 ERROR 	[SUCCESSFUL ] com.github.ben-manes.caffeine#caffeine;2.5.6!caffeine.jar (580ms)[0m
[0m2021.12.03 22:27:21 ERROR downloading https://repo1.maven.org/maven2/org/scala-sbt/ivy/ivy/2.3.0-sbt-cb9cc189e9f3af519f9f102e6c5d446488ff6832/ivy-2.3.0-sbt-cb9cc189e9f3af519f9f102e6c5d446488ff6832.jar ...[0m
Dec 03, 2021 10:27:21 PM org.eclipse.lsp4j.jsonrpc.RemoteEndpoint handleCancellation
WARNING: Unmatched cancel notification for request id 52
[0m2021.12.03 22:27:21 ERROR 	[SUCCESSFUL ] org.scala-sbt.ivy#ivy;2.3.0-sbt-cb9cc189e9f3af519f9f102e6c5d446488ff6832!ivy.jar (457ms)[0m
[0m2021.12.03 22:27:21 ERROR 	[SUCCESSFUL ] org.scala-lang#scala-compiler;2.12.10!scala-compiler.jar (3102ms)[0m
[0m2021.12.03 22:27:21 ERROR :: retrieving :: org.scala-sbt#boot-app[0m
[0m2021.12.03 22:27:21 ERROR 	confs: [default][0m
[0m2021.12.03 22:27:28 ERROR 	81 artifacts copied, 0 already retrieved[0m
[0m2021.12.03 22:27:28 ERROR [info] [launcher] getting Scala 2.12.10 (for sbt)...[0m
[0m2021.12.03 22:27:33 ERROR downloading https://repo1.maven.org/maven2/org/scala-lang/modules/scala-xml_2.12/1.0.6/scala-xml_2.12-1.0.6.jar ...[0m
[0m2021.12.03 22:27:33 ERROR downloading https://repo1.maven.org/maven2/org/fusesource/jansi/jansi/1.12/jansi-1.12.jar ...[0m
[0m2021.12.03 22:27:33 ERROR 	[SUCCESSFUL ] org.fusesource.jansi#jansi;1.12!jansi.jar (212ms)[0m
[0m2021.12.03 22:27:33 ERROR 	[SUCCESSFUL ] org.scala-lang.modules#scala-xml_2.12;1.0.6!scala-xml_2.12.jar(bundle) (224ms)[0m
[0m2021.12.03 22:27:33 ERROR :: retrieving :: org.scala-sbt#boot-scala[0m
[0m2021.12.03 22:27:33 ERROR 	confs: [default][0m
[0m2021.12.03 22:27:33 ERROR 	6 artifacts copied, 0 already retrieved[0m
Dec 03, 2021 10:28:31 PM org.eclipse.lsp4j.jsonrpc.RemoteEndpoint handleCancellation
WARNING: Unmatched cancel notification for request id 103
[0m2021.12.03 22:28:32 WARN  no build target for: /home/millerj/git/aws-test/my-service/src/main/scala/hello/ApiGatewayResponse.scala[0m
[0m2021.12.03 22:28:32 INFO  [info] Loading settings for project my-service-build-build-build from metals.sbt ...[0m
Dec 03, 2021 10:28:36 PM org.eclipse.lsp4j.jsonrpc.RemoteEndpoint handleCancellation
WARNING: Unmatched cancel notification for request id 108
[0m2021.12.03 22:28:37 WARN  no build target for: /home/millerj/git/aws-test/my-service/src/main/scala/hello/Response.scala[0m
Dec 03, 2021 10:28:37 PM org.eclipse.lsp4j.jsonrpc.RemoteEndpoint handleCancellation
WARNING: Unmatched cancel notification for request id 109
[0m2021.12.03 22:28:42 INFO  [info] Loading project definition from /home/millerj/git/aws-test/my-service/project/project/project[0m
[0m2021.12.03 22:29:01 WARN  no build target for: /home/millerj/git/aws-test/my-service/build.sbt[0m
Dec 03, 2021 10:29:11 PM org.eclipse.lsp4j.jsonrpc.RemoteEndpoint handleCancellation
WARNING: Unmatched cancel notification for request id 120
[0m2021.12.03 22:29:14 WARN  no build target for: /home/millerj/git/aws-test/my-service/src/main/scala/hello/ApiGatewayResponse.scala[0m
Dec 03, 2021 10:29:15 PM org.eclipse.lsp4j.jsonrpc.RemoteEndpoint handleCancellation
WARNING: Unmatched cancel notification for request id 121
Dec 03, 2021 10:29:15 PM org.eclipse.lsp4j.jsonrpc.RemoteEndpoint handleCancellation
WARNING: Unmatched cancel notification for request id 122
Dec 03, 2021 10:29:15 PM org.eclipse.lsp4j.jsonrpc.RemoteEndpoint handleCancellation
WARNING: Unmatched cancel notification for request id 124
Dec 03, 2021 10:29:15 PM org.eclipse.lsp4j.jsonrpc.RemoteEndpoint handleCancellation
WARNING: Unmatched cancel notification for request id 123
Dec 03, 2021 10:29:15 PM org.eclipse.lsp4j.jsonrpc.RemoteEndpoint handleCancellation
WARNING: Unmatched cancel notification for request id 125
[0m2021.12.03 22:29:21 WARN  no build target for: /home/millerj/git/aws-test/my-service/src/main/scala/hello/ApiGatewayResponse.scala[0m
Dec 03, 2021 10:29:21 PM org.eclipse.lsp4j.jsonrpc.RemoteEndpoint handleCancellation
WARNING: Unmatched cancel notification for request id 126
[0m2021.12.03 22:29:24 WARN  no build target for: /home/millerj/git/aws-test/my-service/project/plugins.sbt[0m
Dec 03, 2021 10:29:26 PM org.eclipse.lsp4j.jsonrpc.RemoteEndpoint handleCancellation
WARNING: Unmatched cancel notification for request id 135
[0m2021.12.03 22:29:27 WARN  no build target for: /home/millerj/git/aws-test/my-service/project/metals.sbt[0m
[0m2021.12.03 22:29:29 WARN  no build target for: /home/millerj/git/aws-test/my-service/project/project/metals.sbt[0m
[0m2021.12.03 22:29:34 INFO  [info] Loading settings for project my-service-build-build from metals.sbt ...[0m
[0m2021.12.03 22:29:36 INFO  [info] Loading project definition from /home/millerj/git/aws-test/my-service/project/project[0m
[0m2021.12.03 22:29:38 WARN  no build target for: /home/millerj/git/aws-test/my-service/project/metals.sbt[0m
[0m2021.12.03 22:29:51 INFO  [success] Generated .bloop/my-service-build-build.json[0m
[0m2021.12.03 22:29:51 INFO  [success] Total time: 16 s, completed Dec 3, 2021 10:29:52 PM[0m
[0m2021.12.03 22:30:03 INFO  [info] Loading settings for project my-service-build from metals.sbt,plugins.sbt ...[0m
[0m2021.12.03 22:30:03 INFO  [info] Loading project definition from /home/millerj/git/aws-test/my-service/project[0m
[0m2021.12.03 22:30:12 INFO  [warn] There may be incompatibilities among your library dependencies; run 'evicted' to see detailed eviction warnings.[0m
[0m2021.12.03 22:30:14 INFO  [warn] There may be incompatibilities among your library dependencies; run 'evicted' to see detailed eviction warnings.[0m
[0m2021.12.03 22:30:14 INFO  [success] Generated .bloop/my-service-build.json[0m
[0m2021.12.03 22:30:15 INFO  [success] Total time: 11 s, completed Dec 3, 2021 10:30:15 PM[0m
[0m2021.12.03 22:30:25 INFO  [info] Loading settings for project my-service from build.sbt ...[0m
[0m2021.12.03 22:30:25 INFO  [info] Set current project to hello (in build file:/home/millerj/git/aws-test/my-service/)[0m
[0m2021.12.03 22:30:33 INFO  [success] Generated .bloop/my-service.json[0m
[0m2021.12.03 22:30:33 INFO  [success] Generated .bloop/my-service-test.json[0m
[0m2021.12.03 22:30:33 INFO  [success] Total time: 6 s, completed Dec 3, 2021 10:30:33 PM[0m
[0m2021.12.03 22:30:33 INFO  time: ran 'sbt bloopInstall' in 4m26s[0m
[0m2021.12.03 22:30:33 INFO  Attempting to connect to the build server...[0m
Starting the bsp launcher for bloop...
Opening a bsp server connection with 'bsp --protocol local --socket /tmp/bsp-launcher217313696189422348/bsp.socket'...
Waiting for the bsp connection to come up...
Waiting for the bsp connection to come up...
Waiting for the bsp connection to come up...
Waiting for the bsp connection to come up...
Waiting for the bsp connection to come up...
Waiting for the bsp connection to come up...
Waiting for the bsp connection to come up...
Waiting for the bsp connection to come up...
Waiting for the bsp connection to come up...
Waiting for the bsp connection to come up...
Waiting for the bsp connection to come up...
Waiting for the bsp connection to come up...
Waiting for the bsp connection to come up...
Waiting for the bsp connection to come up...
Waiting for the bsp connection to come up...
Waiting for the bsp connection to come up...
Waiting for the bsp connection to come up...
Waiting for the bsp connection to come up...
Waiting for the bsp connection to come up...
Waiting for the bsp connection to come up...
Waiting for the bsp connection to come up...
Waiting for the bsp connection to come up...
No server running at 127.0.0.1:8212, let's fire one...
Resolving ch.epfl.scala:bloop-frontend_2.12:1.4.11...
Starting bloop server at 127.0.0.1:8212...
Java executable was not available on PATH, retrying with /home/millerj/.jabba/jdk/adopt@1.8.0-292/bin/java
Starting bloop server at 127.0.0.1:8212...
Attempting a connection to the server...
Attempting a connection to the server...
Attempting a connection to the server...
Attempting a connection to the server...
Attempting a connection to the server...
Attempting a connection to the server...
Attempting a connection to the server...
Attempting a connection to the server...
Attempting a connection to the server...
Attempting a connection to the server...
Attempting a connection to the server...
Attempting a connection to the server...
Attempting a connection to the server...
Attempting a connection to the server...
Attempting a connection to the server...
[0m[32m[D][0m Loading 2 projects from '/home/millerj/git/aws-test/my-service/.bloop'...
[0m[32m[D][0m Loading project from '/home/millerj/git/aws-test/my-service/.bloop/my-service-test.json'
[0m[32m[D][0m Loading project from '/home/millerj/git/aws-test/my-service/.bloop/my-service.json'
[0m[32m[D][0m Cache miss for scala instance org.scala-lang:scala-compiler:2.13.1.
[0m[32m[D][0m   => /home/millerj/.cache/coursier/v1/https/repo1.maven.org/maven2/jline/jline/2.14.6/jline-2.14.6.jar
[0m[32m[D][0m   => /home/millerj/.cache/coursier/v1/https/repo1.maven.org/maven2/org/fusesource/jansi/jansi/1.12/jansi-1.12.jar
[0m[32m[D][0m   => /home/millerj/.cache/coursier/v1/https/repo1.maven.org/maven2/org/scala-lang/scala-compiler/2.13.1/scala-compiler-2.13.1.jar
[0m[32m[D][0m   => /home/millerj/.cache/coursier/v1/https/repo1.maven.org/maven2/org/scala-lang/scala-library/2.13.1/scala-library-2.13.1.jar
[0m[32m[D][0m   => /home/millerj/.cache/coursier/v1/https/repo1.maven.org/maven2/org/scala-lang/scala-reflect/2.13.1/scala-reflect-2.13.1.jar
[0m[32m[D][0m Missing analysis file for project 'my-service'
[0m[32m[D][0m Missing analysis file for project 'my-service-test'
[0m[32m[D][0m Waiting for a connection at local:///tmp/bsp-launcher217313696189422348/bsp.socket...
The server is listening for incoming connections at local:///tmp/bsp-launcher217313696189422348/bsp.socket...
Starting thread that pumps stdin and redirects it to the bsp server...
Starting thread that pumps server stdout and redirects it to the client stdout...
[0m2021.12.03 22:31:01 INFO  tracing is disabled for protocol BSP, to enable tracing of incoming and outgoing JSON messages create an empty file at /home/millerj/.cache/metals/bsp.trace.json[0m
[0m2021.12.03 22:31:08 INFO  Attempting to connect to the build server...[0m
Starting the bsp launcher for bloop...
Opening a bsp server connection with 'bsp --protocol local --socket /tmp/bsp-launcher2580365383558019350/bsp.socket'...
Waiting for the bsp connection to come up...
[0m2021.12.03 22:31:08 INFO  Attempting to connect to the build server...[0m
Starting the bsp launcher for bloop...
Opening a bsp server connection with 'bsp --protocol local --socket /tmp/bsp-launcher558231393807890103/bsp.socket'...
Waiting for the bsp connection to come up...
[0m[32m[D][0m Loading workspace settings from bloop.settings.json
[0m[32m[D][0m Waiting for a connection at local:///tmp/bsp-launcher558231393807890103/bsp.socket...
The server is listening for incoming connections at local:///tmp/bsp-launcher558231393807890103/bsp.socket...
Starting thread that pumps stdin and redirects it to the bsp server...
Starting thread that pumps server stdout and redirects it to the client stdout...
[0m2021.12.03 22:31:08 INFO  tracing is disabled for protocol BSP, to enable tracing of incoming and outgoing JSON messages create an empty file at /home/millerj/.cache/metals/bsp.trace.json[0m
[0m[32m[D][0m Loading workspace settings from bloop.settings.json
[0m[32m[D][0m Waiting for a connection at local:///tmp/bsp-launcher2580365383558019350/bsp.socket...
The server is listening for incoming connections at local:///tmp/bsp-launcher2580365383558019350/bsp.socket...
Starting thread that pumps stdin and redirects it to the bsp server...
Starting thread that pumps server stdout and redirects it to the client stdout...
[0m2021.12.03 22:31:08 INFO  tracing is disabled for protocol BSP, to enable tracing of incoming and outgoing JSON messages create an empty file at /home/millerj/.cache/metals/bsp.trace.json[0m
Dec 03, 2021 10:31:11 PM org.eclipse.lsp4j.jsonrpc.RemoteEndpoint handleCancellation
WARNING: Unmatched cancel notification for request id 150
[0m2021.12.03 22:31:12 WARN  no build target for: /home/millerj/git/aws-test/my-service/src/main/scala/hello/Request.scala[0m
[0m2021.12.03 22:31:13 INFO  time: Connected to build server in 39s[0m
[0m2021.12.03 22:31:13 INFO  Connected to Build server: Bloop v1.4.11[0m
[0m2021.12.03 22:31:13 INFO  time: Imported build in 0.49s[0m
Dec 03, 2021 10:31:23 PM org.eclipse.lsp4j.jsonrpc.RemoteEndpoint handleCancellation
WARNING: Unmatched cancel notification for request id 156
Dec 03, 2021 10:31:23 PM org.eclipse.lsp4j.jsonrpc.RemoteEndpoint handleCancellation
WARNING: Unmatched cancel notification for request id 157
Dec 03, 2021 10:31:23 PM org.eclipse.lsp4j.jsonrpc.RemoteEndpoint handleCancellation
WARNING: Unmatched cancel notification for request id 158
Dec 03, 2021 10:31:23 PM org.eclipse.lsp4j.jsonrpc.RemoteEndpoint handleCancellation
WARNING: Unmatched cancel notification for request id 162
Dec 03, 2021 10:31:23 PM org.eclipse.lsp4j.jsonrpc.RemoteEndpoint handleCancellation
WARNING: Unmatched cancel notification for request id 160
Dec 03, 2021 10:31:23 PM org.eclipse.lsp4j.jsonrpc.RemoteEndpoint handleCancellation
WARNING: Unmatched cancel notification for request id 164
Dec 03, 2021 10:31:24 PM org.eclipse.lsp4j.jsonrpc.RemoteEndpoint handleCancellation
WARNING: Unmatched cancel notification for request id 170
Dec 03, 2021 10:31:24 PM org.eclipse.lsp4j.jsonrpc.RemoteEndpoint handleCancellation
WARNING: Unmatched cancel notification for request id 171
[0m2021.12.03 22:31:27 INFO  compiling my-service (4 scala sources)[0m
Dec 03, 2021 10:31:33 PM org.eclipse.lsp4j.jsonrpc.RemoteEndpoint handleCancellation
WARNING: Unmatched cancel notification for request id 178
Dec 03, 2021 10:31:35 PM org.eclipse.lsp4j.jsonrpc.RemoteEndpoint handleCancellation
WARNING: Unmatched cancel notification for request id 184
Dec 03, 2021 10:31:36 PM org.eclipse.lsp4j.jsonrpc.RemoteEndpoint handleCancellation
WARNING: Unmatched cancel notification for request id 189
Dec 03, 2021 10:31:38 PM org.eclipse.lsp4j.jsonrpc.RemoteEndpoint handleCancellation
WARNING: Unmatched cancel notification for request id 190
[0m2021.12.03 22:31:45 INFO  time: indexed workspace in 31s[0m
[0m2021.12.03 22:31:47 INFO  Deduplicating compilation of my-service from bsp client 'Metals 0.10.9' (since 44.476s)[0m
[0m2021.12.03 22:31:47 INFO  compiling my-service (4 scala sources)[0m
[0m2021.12.03 22:31:51 INFO  no build target: using presentation compiler with only scala-library: 2.13.1[0m
Dec 03, 2021 10:31:52 PM org.eclipse.lsp4j.jsonrpc.RemoteEndpoint handleCancellation
WARNING: Unmatched cancel notification for request id 199
Dec 03, 2021 10:31:53 PM org.eclipse.lsp4j.jsonrpc.RemoteEndpoint handleCancellation
WARNING: Unmatched cancel notification for request id 200
Dec 03, 2021 10:31:58 PM org.eclipse.lsp4j.jsonrpc.RemoteEndpoint handleCancellation
WARNING: Unmatched cancel notification for request id 205
Dec 03, 2021 10:32:08 PM org.eclipse.lsp4j.jsonrpc.RemoteEndpoint handleCancellation
WARNING: Unmatched cancel notification for request id 206
Dec 03, 2021 10:32:08 PM org.eclipse.lsp4j.jsonrpc.RemoteEndpoint handleCancellation
WARNING: Unmatched cancel notification for request id 211
[0m2021.12.03 22:32:17 INFO  time: compiled my-service in 30s[0m
[0m2021.12.03 22:32:17 WARN  Disconnecting from deduplication of ongoing compilation for 'my-service'
No progress update for 30 seconds caused bloop to cancel compilation and schedule a new compile.
                  [0m
[0m2021.12.03 22:32:17 INFO  compiling my-service (4 scala sources)[0m
Dec 03, 2021 10:32:52 PM org.eclipse.lsp4j.jsonrpc.RemoteEndpoint handleCancellation
WARNING: Unmatched cancel notification for request id 226
Dec 03, 2021 10:33:09 PM org.eclipse.lsp4j.jsonrpc.RemoteEndpoint handleCancellation
WARNING: Unmatched cancel notification for request id 241
[0m2021.12.03 22:33:11 INFO  compiling my-service (4 scala sources)[0m
[0m2021.12.03 22:33:20 INFO  time: compiled my-service in 8.57s[0m
Dec 03, 2021 10:33:37 PM org.eclipse.lsp4j.jsonrpc.RemoteEndpoint handleCancellation
WARNING: Unmatched cancel notification for request id 247
